Already up to date.
/app/target/debug/cendol -Wall -Wshadow -O2 -o smoke smoke.c tinyexpr.c -lm
./smoke
	Results       pass:158   fail: 0      9ms
	Syntax        pass:70   fail: 0      0ms
	NaNs          pass:55   fail: 0      0ms
	INFs          pass:50   fail: 0      0ms
	Variables     pass:36   fail: 0      0ms
	Functions     pass:4406   fail: 0      2ms
	Dynamic       pass:44   fail: 0      0ms
	Closure       pass:17   fail: 0      0ms
	Optimize      pass:12   fail: 0      0ms
	Pow           pass:42   fail: 0      0ms
	Combinatorics pass:40   fail: 0      0ms
ALL TESTS PASSED (4930/4930)
/app/target/debug/cendol -Wall -Wshadow -O2 -DTE_POW_FROM_RIGHT -DTE_NAT_LOG -o smoke_pr smoke.c tinyexpr.c -lm
./smoke_pr
	Results       pass:162   fail: 0      0ms
	Syntax        pass:70   fail: 0      0ms
	NaNs          pass:55   fail: 0      0ms
	INFs          pass:50   fail: 0      0ms
	Variables     pass:36   fail: 0      0ms
	Functions     pass:4406   fail: 0      1ms
	Dynamic       pass:44   fail: 0      0ms
	Closure       pass:17   fail: 0      0ms
	Optimize      pass:12   fail: 0      0ms
	Pow           pass:36   fail: 0      0ms
	Combinatorics pass:40   fail: 0      0ms
ALL TESTS PASSED (4928/4928)
/app/target/debug/cendol -c -Wall -Wshadow -O2 repl.c -o repl.o
/app/target/debug/cendol -c -Wall -Wshadow -O2 tinyexpr.c -o tinyexpr.o
/app/target/debug/cendol -Wall -Wshadow -O2 -o repl repl.o tinyexpr.o -lm
/usr/bin/ld: tinyexpr.o: in function `__uint16_identity':
main:(.text+0x37c0): multiple definition of `__uint16_identity'; repl.o:main:(.text+0x460): first defined here
/usr/bin/ld: tinyexpr.o: in function `__uint32_identity':
main:(.text+0x458f): multiple definition of `__uint32_identity'; repl.o:main:(.text+0x47a): first defined here
/usr/bin/ld: tinyexpr.o: in function `__bswap_32':
main:(.text+0x45dd): multiple definition of `__bswap_32'; repl.o:main:(.text+0x491): first defined here
/usr/bin/ld: tinyexpr.o: in function `__uint64_identity':
main:(.text+0x469b): multiple definition of `__uint64_identity'; repl.o:main:(.text+0x54f): first defined here
/usr/bin/ld: tinyexpr.o: in function `__bswap_64':
main:(.text+0x4a50): multiple definition of `__bswap_64'; repl.o:main:(.text+0x568): first defined here
/usr/bin/ld: tinyexpr.o: in function `__bswap_16':
main:(.text+0x56b8): multiple definition of `__bswap_16'; repl.o:main:(.text+0x775): first defined here
clang: error: linker command failed with exit code 1 (use -v to see invocation)
cendol: error: linker exited with status exit status: 1
make: *** [Makefile:19: repl] Error 1
Updating tinyexpr...
Running: git pull in /app/realworld/tinyexpr
Running: make CC=/app/target/debug/cendol in /app/realworld/tinyexpr
Error: Command failed with return code 2
